<?xml version="1.0" encoding="UTF-8"?>
<!-- Generated by org.testng.reporters.JUnitReportReporter -->
<testsuite skipped="0" hostname="TGS153" name="com.automation.index.CalcuQuote_RFQ_Index" tests="1" failures="0" timestamp="15 Nov 2019 10:34:15 GMT" time="174.253" errors="0">
  <testcase name="RFQ_TestCase_01" time="174.253" classname="com.automation.index.CalcuQuote_RFQ_Index"/>
</testsuite> <!-- com.automation.index.CalcuQuote_RFQ_Index -->
