<?xml version="1.0" encoding="UTF-8"?>
<!-- Generated by org.testng.reporters.JUnitReportReporter -->
<testsuite skipped="0" hostname="TGS153" name="com.automation.index.CalcuQuote_Login_Index" tests="1" failures="0" timestamp="22 Oct 2019 13:02:08 GMT" time="268.346" errors="0">
  <testcase name="Material_Costing_TestCase_01" time="268.346" classname="com.automation.index.CalcuQuote_Login_Index"/>
</testsuite> <!-- com.automation.index.CalcuQuote_Login_Index -->
