<?xml version="1.0" encoding="UTF-8"?>
<!-- Generated by org.testng.reporters.JUnitReportReporter -->
<testsuite skipped="0" hostname="TGS153" name="com.automation.index.CalcuQuote_BOM_Index" tests="1" failures="0" timestamp="14 Nov 2019 09:49:36 GMT" time="100.206" errors="0">
  <testcase name="BOM_TestCase_02" time="100.206" classname="com.automation.index.CalcuQuote_BOM_Index"/>
</testsuite> <!-- com.automation.index.CalcuQuote_BOM_Index -->
