<?xml version="1.0" encoding="UTF-8"?>
<!-- Generated by org.testng.reporters.JUnitReportReporter -->
<testsuite skipped="0" hostname="TGS153" name="com.automation.index.CalcuQuote_Material_Costing_Index" tests="1" failures="0" timestamp="26 Dec 2019 10:54:09 GMT" time="415.132" errors="0">
  <testcase name="Material_Costing_TestCase_03" time="415.132" classname="com.automation.index.CalcuQuote_Material_Costing_Index"/>
</testsuite> <!-- com.automation.index.CalcuQuote_Material_Costing_Index -->
