<?xml version="1.0" encoding="UTF-8"?>
<!-- Generated by org.testng.reporters.JUnitReportReporter -->
<testsuite skipped="0" hostname="TGS153" name="com.automation.index.CalcuQuote_BOM_Index" tests="1" failures="0" timestamp="18 Nov 2019 06:57:07 GMT" time="290.412" errors="0">
  <testcase name="BOM_TestCase_03" time="290.412" classname="com.automation.index.CalcuQuote_BOM_Index"/>
</testsuite> <!-- com.automation.index.CalcuQuote_BOM_Index -->
