<?xml version="1.0" encoding="UTF-8"?>
<!-- Generated by org.testng.reporters.JUnitReportReporter -->
<testsuite skipped="0" hostname="TGS153" name="com.automation.index.CalcuQuote_Labor_Index" tests="1" failures="0" timestamp="24 Oct 2019 07:44:33 GMT" time="151.628" errors="0">
  <testcase name="Labor_TestCase_01" time="151.628" classname="com.automation.index.CalcuQuote_Labor_Index"/>
</testsuite> <!-- com.automation.index.CalcuQuote_Labor_Index -->
