<?xml version="1.0" encoding="UTF-8"?>
<!-- Generated by org.testng.reporters.JUnitReportReporter -->
<testsuite skipped="0" hostname="TGS153" name="com.automation.index.CalcuQuote_Login_Index" tests="2" failures="0" timestamp="22 Oct 2019 07:07:16 GMT" time="294.235" errors="0">
  <testcase name="Labor_TestCase_01" time="170.158" classname="com.automation.index.CalcuQuote_Login_Index"/>
  <testcase name="BOM_TestCase_01" time="124.077" classname="com.automation.index.CalcuQuote_Login_Index"/>
</testsuite> <!-- com.automation.index.CalcuQuote_Login_Index -->
