<?xml version="1.0" encoding="UTF-8"?>
<!-- Generated by org.testng.reporters.JUnitReportReporter -->
<testsuite skipped="0" hostname="TGS153" name="com.automation.index.CalcuQuote_BOM_Index" tests="1" failures="0" timestamp="26 Dec 2019 05:48:57 GMT" time="177.308" errors="0">
  <testcase name="BOM_TestCase_01" time="177.308" classname="com.automation.index.CalcuQuote_BOM_Index"/>
</testsuite> <!-- com.automation.index.CalcuQuote_BOM_Index -->
