<?xml version="1.0" encoding="UTF-8"?>
<!-- Generated by org.testng.reporters.JUnitReportReporter -->
<testsuite skipped="0" hostname="TGS153" name="com.automation.index.CalcuQuote_NRE_Index" tests="2" failures="0" timestamp="13 Nov 2019 09:27:15 GMT" time="291.108" errors="0">
  <testcase name="NRE_TestCase_01" time="187.804" classname="com.automation.index.CalcuQuote_NRE_Index"/>
  <testcase name="NRE_TestCase_02" time="103.304" classname="com.automation.index.CalcuQuote_NRE_Index"/>
</testsuite> <!-- com.automation.index.CalcuQuote_NRE_Index -->
