<?xml version="1.0" encoding="UTF-8"?>
<!-- Generated by org.testng.reporters.JUnitReportReporter -->
<testsuite skipped="0" hostname="TGS153" name="com.automation.index.CalcuQuote_Labor_Index" tests="1" failures="0" timestamp="13 Nov 2019 09:27:15 GMT" time="162.357" errors="0">
  <testcase name="Labor_TestCase_01" time="162.357" classname="com.automation.index.CalcuQuote_Labor_Index"/>
</testsuite> <!-- com.automation.index.CalcuQuote_Labor_Index -->
