<?xml version="1.0" encoding="UTF-8"?>
<!-- Generated by org.testng.reporters.JUnitReportReporter -->
<testsuite skipped="0" hostname="TGS153" name="com.automation.index.CalcuQuote_Login_Index" tests="2" failures="0" timestamp="24 Oct 2019 07:44:33 GMT" time="118.209" errors="0">
  <testcase name="Signin_TestCase_01" time="79.146" classname="com.automation.index.CalcuQuote_Login_Index"/>
  <testcase name="Signin_TestCase_02" time="39.063" classname="com.automation.index.CalcuQuote_Login_Index"/>
</testsuite> <!-- com.automation.index.CalcuQuote_Login_Index -->
