<?xml version="1.0" encoding="UTF-8"?>
<!-- Generated by org.testng.reporters.JUnitReportReporter -->
<testsuite skipped="0" hostname="TGS153" name="com.automation.index.CalcuQuote_NRE_Index" tests="1" failures="0" timestamp="13 Nov 2019 05:25:25 GMT" time="98.674" errors="0">
  <testcase name="NRE_TestCase_02" time="98.674" classname="com.automation.index.CalcuQuote_NRE_Index"/>
</testsuite> <!-- com.automation.index.CalcuQuote_NRE_Index -->
