<?xml version="1.0" encoding="UTF-8"?>
<!-- Generated by org.testng.reporters.JUnitReportReporter -->
<testsuite skipped="0" hostname="TGS153" name="com.automation.index.CalcuQuote_RFQ_Index" tests="1" failures="0" timestamp="14 Nov 2019 06:15:55 GMT" time="107.780" errors="0">
  <testcase name="RFQ_TestCase_01" time="107.780" classname="com.automation.index.CalcuQuote_RFQ_Index"/>
</testsuite> <!-- com.automation.index.CalcuQuote_RFQ_Index -->
