<?xml version="1.0" encoding="UTF-8"?>
<!-- Generated by org.testng.reporters.JUnitReportReporter -->
<testsuite skipped="0" hostname="TGS153" name="com.automation.index.CalcuQuote_Labor_Index" tests="1" failures="0" timestamp="12 Nov 2019 10:01:29 GMT" time="133.436" errors="0">
  <testcase name="Labor_TestCase_01" time="133.436" classname="com.automation.index.CalcuQuote_Labor_Index"/>
</testsuite> <!-- com.automation.index.CalcuQuote_Labor_Index -->
