<?xml version="1.0" encoding="UTF-8"?>
<!-- Generated by org.testng.reporters.JUnitReportReporter -->
<testsuite skipped="0" hostname="TGS153" name="com.automation.index.CalcuQuote_Login_Index" tests="7" failures="0" timestamp="23 Oct 2019 06:52:25 GMT" time="1036.798" errors="0">
  <testcase name="Signin_TestCase_01" time="84.234" classname="com.automation.index.CalcuQuote_Login_Index"/>
  <testcase name="Material_Costing_TestCase_01" time="283.077" classname="com.automation.index.CalcuQuote_Login_Index"/>
  <testcase name="NRE_TestCase_01" time="235.651" classname="com.automation.index.CalcuQuote_Login_Index"/>
  <testcase name="BOM_TestCase_01" time="124.465" classname="com.automation.index.CalcuQuote_Login_Index"/>
  <testcase name="Labor_TestCase_01" time="155.667" classname="com.automation.index.CalcuQuote_Login_Index"/>
  <testcase name="Signin_TestCase_02" time="37.162" classname="com.automation.index.CalcuQuote_Login_Index"/>
  <testcase name="RFQ_TestCase_01" time="116.542" classname="com.automation.index.CalcuQuote_Login_Index"/>
</testsuite> <!-- com.automation.index.CalcuQuote_Login_Index -->
