<?xml version="1.0" encoding="UTF-8"?>
<!-- Generated by org.testng.reporters.JUnitReportReporter -->
<testsuite skipped="0" hostname="TGS153" name="com.automation.index.CalcuQuote_Material_Costing_Index" tests="1" failures="0" timestamp="21 Jan 2020 07:48:43 GMT" time="339.368" errors="0">
  <testcase name="Material_Costing_TestCase_04" time="339.368" classname="com.automation.index.CalcuQuote_Material_Costing_Index"/>
</testsuite> <!-- com.automation.index.CalcuQuote_Material_Costing_Index -->
