<?xml version="1.0" encoding="UTF-8"?>
<!-- Generated by org.testng.reporters.JUnitReportReporter -->
<testsuite skipped="0" hostname="TGS153" name="com.automation.index.CalcuQuote_Material_Costing_Index" tests="1" failures="0" timestamp="15 Nov 2019 10:58:50 GMT" time="219.072" errors="0">
  <testcase name="Material_Costing_TestCase_01" time="219.072" classname="com.automation.index.CalcuQuote_Material_Costing_Index"/>
</testsuite> <!-- com.automation.index.CalcuQuote_Material_Costing_Index -->
